<?xml version="1.0" encoding="UTF-8"?>
<!-- Generated by org.testng.reporters.JUnitReportReporter -->
<testsuite hostname="LENOVO" failures="0" tests="1" name="cc.minimals.qa.TestCases.LoginPageTest2" time="1.038" errors="0" timestamp="12 Nov 2022 13:01:44 GMT">
  <testcase classname="cc.minimals.qa.TestCases.LoginPageTest2" name="loginPageTestWithEmail" time="1.038"/>
</testsuite>
