<?xml version="1.0" encoding="UTF-8"?>
<!-- Generated by org.testng.reporters.JUnitReportReporter -->
<testsuite hostname="LENOVO" failures="0" tests="2" name="cc.minimals.qa.TestCases.LoginPageTest" time="2.172" errors="0" timestamp="12 Nov 2022 13:01:44 GMT">
  <testcase classname="cc.minimals.qa.TestCases.LoginPageTest" name="loginPageTestWithwrongpass" time="1.385"/>
  <testcase classname="cc.minimals.qa.TestCases.LoginPageTest" name="loginPageTest" time="0.787"/>
</testsuite>
